<?xml version="1.0" encoding="UTF-8"?>
<!-- Generated by org.testng.reporters.JUnitReportReporter -->
<testsuite skipped="0" hostname="Welcome-PC" name="datadriven.DataDrivenTest_AddNewEmployees" tests="3" failures="0" timestamp="28 Feb 2020 09:52:38 GMT" time="8.384" errors="0">
  <testcase name="postNewEmployees" time="6.255" classname="datadriven.DataDrivenTest_AddNewEmployees"/>
  <testcase name="postNewEmployees" time="1.004" classname="datadriven.DataDrivenTest_AddNewEmployees"/>
  <testcase name="postNewEmployees" time="1.125" classname="datadriven.DataDrivenTest_AddNewEmployees"/>
</testsuite> <!-- datadriven.DataDrivenTest_AddNewEmployees -->
