<?xml version="1.0" encoding="UTF-8"?>
<!-- Generated by org.testng.reporters.JUnitReportReporter -->
<testsuite name="datadriven.DataDrivenTest_AddNewEmployees" tests="3" time="8.282" ignored="0" failures="0" timestamp="29 Feb 2020 12:52:12 GMT" skipped="0" hostname="Welcome-PC" errors="0">
  <testcase name="postNewEmployees" time="0.972" classname="datadriven.DataDrivenTest_AddNewEmployees"/>
  <testcase name="postNewEmployees" time="6.325" classname="datadriven.DataDrivenTest_AddNewEmployees"/>
  <testcase name="postNewEmployees" time="0.985" classname="datadriven.DataDrivenTest_AddNewEmployees"/>
</testsuite> <!-- datadriven.DataDrivenTest_AddNewEmployees -->
